[debug] [2023-11-13T13:44:10.600Z] ----------------------------------------------------------------------
[debug] [2023-11-13T13:44:10.604Z] Command:       C:\Program Files\nodejs\node.exe C:\Users\Kgotso Mmotong\AppData\Roaming\npm\node_modules\firebase-tools\lib\bin\firebase.js emulators:start
[debug] [2023-11-13T13:44:10.604Z] CLI Version:   12.8.1
[debug] [2023-11-13T13:44:10.605Z] Platform:      win32
[debug] [2023-11-13T13:44:10.605Z] Node Version:  v20.9.0
[debug] [2023-11-13T13:44:10.605Z] Time:          Mon Nov 13 2023 15:44:10 GMT+0200 (South Africa Standard Time)
[debug] [2023-11-13T13:44:10.605Z] ----------------------------------------------------------------------
[debug] 
[debug] [2023-11-13T13:44:10.784Z] > command requires scopes: ["email","openid","https://www.googleapis.com/auth/cloudplatformprojects.readonly","https://www.googleapis.com/auth/firebase","https://www.googleapis.com/auth/cloud-platform"]
[debug] [2023-11-13T13:44:10.785Z] > authorizing via signed-in user (tshivhulas.p3@gmail.com)
[info] i  emulators: Starting emulators: functions {"metadata":{"emulator":{"name":"hub"},"message":"Starting emulators: functions"}}
[debug] [2023-11-13T13:44:10.798Z] [logging] Logging Emulator only supports listening on one address (127.0.0.1). Not listening on ::1
[debug] [2023-11-13T13:44:10.798Z] assigned listening specs for emulators {"user":{"hub":[{"address":"127.0.0.1","family":"IPv4","port":4400},{"address":"::1","family":"IPv6","port":4400}],"ui":[{"address":"127.0.0.1","family":"IPv4","port":4000},{"address":"::1","family":"IPv6","port":4000}],"logging":[{"address":"127.0.0.1","family":"IPv4","port":4500}]},"metadata":{"message":"assigned listening specs for emulators"}}
[debug] [2023-11-13T13:44:10.810Z] [hub] writing locator at C:\Users\KGOTSO~1\AppData\Local\Temp\hub-clone-7416d.json
[debug] [2023-11-13T13:44:10.846Z] [functions] Functions Emulator only supports listening on one address (127.0.0.1). Not listening on ::1
[debug] [2023-11-13T13:44:10.846Z] [eventarc] Eventarc Emulator only supports listening on one address (127.0.0.1). Not listening on ::1
[debug] [2023-11-13T13:44:10.847Z] late-assigned ports for functions and eventarc emulators {"user":{"hub":[{"address":"127.0.0.1","family":"IPv4","port":4400},{"address":"::1","family":"IPv6","port":4400}],"ui":[{"address":"127.0.0.1","family":"IPv4","port":4000},{"address":"::1","family":"IPv6","port":4000}],"logging":[{"address":"127.0.0.1","family":"IPv4","port":4500}],"functions":[{"address":"127.0.0.1","family":"IPv4","port":5001}],"eventarc":[{"address":"127.0.0.1","family":"IPv4","port":9299}]},"metadata":{"message":"late-assigned ports for functions and eventarc emulators"}}
[warn] !  functions: The following emulators are not running, calls to these services from the Functions emulator will affect production: auth, firestore, database, hosting, pubsub, storage {"metadata":{"emulator":{"name":"functions"},"message":"The following emulators are not running, calls to these services from the Functions emulator will affect production: \u001b[1mauth, firestore, database, hosting, pubsub, storage\u001b[22m"}}
[debug] [2023-11-13T13:44:10.852Z] defaultcredentials: writing to file C:\Users\Kgotso Mmotong\AppData\Roaming\firebase\tshivhulas_p3_gmail.com_application_default_credentials.json
[debug] [2023-11-13T13:44:10.855Z] Setting GAC to C:\Users\Kgotso Mmotong\AppData\Roaming\firebase\tshivhulas_p3_gmail.com_application_default_credentials.json {"metadata":{"emulator":{"name":"functions"},"message":"Setting GAC to C:\\Users\\Kgotso Mmotong\\AppData\\Roaming\\firebase\\tshivhulas_p3_gmail.com_application_default_credentials.json"}}
[debug] [2023-11-13T13:44:10.861Z] >>> [apiv2][query] GET https://firebase.googleapis.com/v1beta1/projects/clone-7416d/adminSdkConfig [none]
[debug] [2023-11-13T13:44:11.710Z] <<< [apiv2][status] GET https://firebase.googleapis.com/v1beta1/projects/clone-7416d/adminSdkConfig 200
[debug] [2023-11-13T13:44:11.711Z] <<< [apiv2][body] GET https://firebase.googleapis.com/v1beta1/projects/clone-7416d/adminSdkConfig {"projectId":"clone-7416d","storageBucket":"clone-7416d.appspot.com","locationId":"us-central"}
[debug] [2023-11-13T13:44:11.733Z] Ignoring unsupported arg: auto_download {"metadata":{"emulator":{"name":"ui"},"message":"Ignoring unsupported arg: auto_download"}}
[debug] [2023-11-13T13:44:11.733Z] Ignoring unsupported arg: port {"metadata":{"emulator":{"name":"ui"},"message":"Ignoring unsupported arg: port"}}
[debug] [2023-11-13T13:44:11.733Z] Starting Emulator UI with command {"binary":"node","args":["C:\\Users\\Kgotso Mmotong\\.cache\\firebase\\emulators\\ui-v1.11.7\\server\\server.js"],"optionalArgs":[],"joinArgs":false} {"metadata":{"emulator":{"name":"ui"},"message":"Starting Emulator UI with command {\"binary\":\"node\",\"args\":[\"C:\\\\Users\\\\Kgotso Mmotong\\\\.cache\\\\firebase\\\\emulators\\\\ui-v1.11.7\\\\server\\\\server.js\"],\"optionalArgs\":[],\"joinArgs\":false}"}}
[info] i  ui: Emulator UI logging to ui-debug.log {"metadata":{"emulator":{"name":"ui"},"message":"Emulator UI logging to \u001b[1mui-debug.log\u001b[22m"}}
[debug] [2023-11-13T13:44:11.915Z] Web / API server started at 127.0.0.1:4000
 {"metadata":{"emulator":{"name":"ui"},"message":"Web / API server started at 127.0.0.1:4000\n"}}
[debug] [2023-11-13T13:44:11.916Z] Web / API server started at ::1:4000
 {"metadata":{"emulator":{"name":"ui"},"message":"Web / API server started at ::1:4000\n"}}
[info] i  functions: Watching "C:\Users\Kgotso Mmotong\Downloads\amazon-app-\functions" for Cloud Functions... {"metadata":{"emulator":{"name":"functions"},"message":"Watching \"C:\\Users\\Kgotso Mmotong\\Downloads\\amazon-app-\\functions\" for Cloud Functions..."}}
[debug] [2023-11-13T13:44:12.016Z] Validating nodejs source
[debug] [2023-11-13T13:44:15.902Z] > [functions] package.json contents: {
  "name": "functions",
  "description": "Cloud Functions for Firebase",
  "scripts": {
    "lint": "eslint .",
    "serve": "firebase emulators:start --only functions",
    "shell": "firebase functions:shell",
    "start": "npm run shell",
    "deploy": "firebase deploy --only functions",
    "logs": "firebase functions:log"
  },
  "engines": {
    "node": "20"
  },
  "main": "index.js",
  "dependencies": {
    "cors": "^2.8.5",
    "express": "^4.18.2",
    "firebase-admin": "^11.8.0",
    "firebase-functions": "^4.3.1",
    "stripe": "^14.4.0"
  },
  "devDependencies": {
    "eslint": "^6.6.0",
    "eslint-config-google": "^0.14.0",
    "eslint-plugin-react": "^7.33.2",
    "firebase-functions-test": "^3.1.0"
  },
  "private": true
}
[debug] [2023-11-13T13:44:15.903Z] Building nodejs source
[debug] [2023-11-13T13:44:15.903Z] Failed to find version of module node: reached end of search path C:\Users\Kgotso Mmotong\Downloads\amazon-app-\functions\node_modules
[info] +  functions: Using node@20 from host. 
[debug] [2023-11-13T13:44:15.908Z] Could not find functions.yaml. Must use http discovery
[debug] [2023-11-13T13:44:15.915Z] Found firebase-functions binary at 'C:\Users\Kgotso Mmotong\Downloads\amazon-app-\functions\node_modules\.bin\firebase-functions'
[info] Serving at port 8779

[debug] [2023-11-13T13:44:16.742Z] Got response from /__/functions.yaml {"endpoints":{"api":{"platform":"gcfv1","availableMemoryMb":null,"timeoutSeconds":null,"minInstances":null,"maxInstances":null,"ingressSettings":null,"serviceAccountEmail":null,"vpc":null,"httpsTrigger":{},"entryPoint":"api"}},"specVersion":"v1alpha1","requiredAPIs":[]}
[info] +  functions: Loaded functions definitions from source: api. {"metadata":{"emulator":{"name":"functions"},"message":"Loaded functions definitions from source: api."}}
[info] +  functions[us-central1-api]: http function initialized (http://127.0.0.1:5001/clone-7416d/us-central1/api). {"metadata":{"emulator":{"name":"functions"},"message":"\u001b[1mhttp\u001b[22m function initialized (http://127.0.0.1:5001/clone-7416d/us-central1/api)."}}
[info] 
┌─────────────────────────────────────────────────────────────┐
│ ✔  All emulators ready! It is now safe to connect your app. │
│ i  View Emulator UI at http://127.0.0.1:4000/               │
└─────────────────────────────────────────────────────────────┘

┌───────────┬────────────────┬─────────────────────────────────┐
│ Emulator  │ Host:Port      │ View in Emulator UI             │
├───────────┼────────────────┼─────────────────────────────────┤
│ Functions │ 127.0.0.1:5001 │ http://127.0.0.1:4000/functions │
└───────────┴────────────────┴─────────────────────────────────┘
  Emulator Hub running at 127.0.0.1:4400
  Other reserved ports: 4500

Issues? Report them at https://github.com/firebase/firebase-tools/issues and attach the *-debug.log files.
 
[debug] [2023-11-13T16:02:22.607Z] [work-queue] {"queuedWork":["/clone-7416d/us-central1/api-2023-11-13T16:02:22.601Z"],"queueLength":1,"runningWork":[],"workRunningCount":0}
[debug] [2023-11-13T16:02:22.624Z] [work-queue] {"queuedWork":[],"queueLength":0,"runningWork":["/clone-7416d/us-central1/api-2023-11-13T16:02:22.601Z"],"workRunningCount":1}
[debug] [2023-11-13T16:02:22.631Z] Accepted request GET /clone-7416d/us-central1/api --> us-central1-api
[debug] [2023-11-13T16:02:22.684Z] [functions] Runtime ready! Sending request! {"metadata":{"emulator":{"name":"functions"},"message":"[functions] Runtime ready! Sending request!"}}
[debug] [2023-11-13T16:02:22.685Z] [functions] Got req.url=/clone-7416d/us-central1/api, mapping to path=/ {"metadata":{"emulator":{"name":"functions"},"message":"[functions] Got req.url=/clone-7416d/us-central1/api, mapping to path=/"}}
[debug] [2023-11-13T16:02:22.768Z] [worker-pool] addWorker(us-central1-api) {"metadata":{"emulator":{"name":"functions"},"message":"[worker-pool] addWorker(us-central1-api)"}}
[debug] [2023-11-13T16:02:22.785Z] [worker-pool] Adding worker with key us-central1-api, total=1 {"metadata":{"emulator":{"name":"functions"},"message":"[worker-pool] Adding worker with key us-central1-api, total=1"}}
[debug] [2023-11-13T16:02:25.930Z] [runtime-status] [10852] Resolved module firebase-admin {"declared":true,"installed":true,"version":"11.11.0","resolution":"C:\\Users\\Kgotso Mmotong\\Downloads\\amazon-app-\\functions\\node_modules\\firebase-admin\\lib\\index.js"} {"metadata":{"emulator":{"name":"functions"},"function":{"name":"us-central1-api"},"extension":{},"message":"[runtime-status] [10852] Resolved module firebase-admin {\"declared\":true,\"installed\":true,\"version\":\"11.11.0\",\"resolution\":\"C:\\\\Users\\\\Kgotso Mmotong\\\\Downloads\\\\amazon-app-\\\\functions\\\\node_modules\\\\firebase-admin\\\\lib\\\\index.js\"}"}}
[debug] [2023-11-13T16:02:25.947Z] [runtime-status] [10852] Resolved module firebase-functions {"declared":true,"installed":true,"version":"4.5.0","resolution":"C:\\Users\\Kgotso Mmotong\\Downloads\\amazon-app-\\functions\\node_modules\\firebase-functions\\lib\\v1\\index.js"} {"metadata":{"emulator":{"name":"functions"},"function":{"name":"us-central1-api"},"extension":{},"message":"[runtime-status] [10852] Resolved module firebase-functions {\"declared\":true,\"installed\":true,\"version\":\"4.5.0\",\"resolution\":\"C:\\\\Users\\\\Kgotso Mmotong\\\\Downloads\\\\amazon-app-\\\\functions\\\\node_modules\\\\firebase-functions\\\\lib\\\\v1\\\\index.js\"}"}}
[debug] [2023-11-13T16:02:25.948Z] [runtime-status] [10852] Outgoing network have been stubbed. [{"name":"http","status":"mocked"},{"name":"http","status":"mocked"},{"name":"https","status":"mocked"},{"name":"https","status":"mocked"},{"name":"net","status":"mocked"}] {"metadata":{"emulator":{"name":"functions"},"function":{"name":"us-central1-api"},"extension":{},"message":"[runtime-status] [10852] Outgoing network have been stubbed. [{\"name\":\"http\",\"status\":\"mocked\"},{\"name\":\"http\",\"status\":\"mocked\"},{\"name\":\"https\",\"status\":\"mocked\"},{\"name\":\"https\",\"status\":\"mocked\"},{\"name\":\"net\",\"status\":\"mocked\"}]"}}
[debug] [2023-11-13T16:02:25.949Z] [runtime-status] [10852] Resolved module firebase-functions {"declared":true,"installed":true,"version":"4.5.0","resolution":"C:\\Users\\Kgotso Mmotong\\Downloads\\amazon-app-\\functions\\node_modules\\firebase-functions\\lib\\v1\\index.js"} {"metadata":{"emulator":{"name":"functions"},"function":{"name":"us-central1-api"},"extension":{},"message":"[runtime-status] [10852] Resolved module firebase-functions {\"declared\":true,\"installed\":true,\"version\":\"4.5.0\",\"resolution\":\"C:\\\\Users\\\\Kgotso Mmotong\\\\Downloads\\\\amazon-app-\\\\functions\\\\node_modules\\\\firebase-functions\\\\lib\\\\v1\\\\index.js\"}"}}
[debug] [2023-11-13T16:02:33.251Z] [runtime-status] [10852] Checked functions.config() {"config":{}} {"metadata":{"emulator":{"name":"functions"},"function":{"name":"us-central1-api"},"extension":{},"message":"[runtime-status] [10852] Checked functions.config() {\"config\":{}}"}}
[debug] [2023-11-13T16:02:33.252Z] [runtime-status] [10852] firebase-functions has been stubbed. {"functionsResolution":{"declared":true,"installed":true,"version":"4.5.0","resolution":"C:\\Users\\Kgotso Mmotong\\Downloads\\amazon-app-\\functions\\node_modules\\firebase-functions\\lib\\v1\\index.js"}} {"metadata":{"emulator":{"name":"functions"},"function":{"name":"us-central1-api"},"extension":{},"message":"[runtime-status] [10852] firebase-functions has been stubbed. {\"functionsResolution\":{\"declared\":true,\"installed\":true,\"version\":\"4.5.0\",\"resolution\":\"C:\\\\Users\\\\Kgotso Mmotong\\\\Downloads\\\\amazon-app-\\\\functions\\\\node_modules\\\\firebase-functions\\\\lib\\\\v1\\\\index.js\"}}"}}
[debug] [2023-11-13T16:02:33.253Z] [runtime-status] [10852] Resolved module firebase-functions {"declared":true,"installed":true,"version":"4.5.0","resolution":"C:\\Users\\Kgotso Mmotong\\Downloads\\amazon-app-\\functions\\node_modules\\firebase-functions\\lib\\v1\\index.js"} {"metadata":{"emulator":{"name":"functions"},"function":{"name":"us-central1-api"},"extension":{},"message":"[runtime-status] [10852] Resolved module firebase-functions {\"declared\":true,\"installed\":true,\"version\":\"4.5.0\",\"resolution\":\"C:\\\\Users\\\\Kgotso Mmotong\\\\Downloads\\\\amazon-app-\\\\functions\\\\node_modules\\\\firebase-functions\\\\lib\\\\v1\\\\index.js\"}"}}
[debug] [2023-11-13T16:02:33.254Z] [runtime-status] [10852] Resolved module firebase-admin {"declared":true,"installed":true,"version":"11.11.0","resolution":"C:\\Users\\Kgotso Mmotong\\Downloads\\amazon-app-\\functions\\node_modules\\firebase-admin\\lib\\index.js"} {"metadata":{"emulator":{"name":"functions"},"function":{"name":"us-central1-api"},"extension":{},"message":"[runtime-status] [10852] Resolved module firebase-admin {\"declared\":true,\"installed\":true,\"version\":\"11.11.0\",\"resolution\":\"C:\\\\Users\\\\Kgotso Mmotong\\\\Downloads\\\\amazon-app-\\\\functions\\\\node_modules\\\\firebase-admin\\\\lib\\\\index.js\"}"}}
[debug] [2023-11-13T16:02:33.309Z] [runtime-status] [10852] Resolved module firebase-functions {"declared":true,"installed":true,"version":"4.5.0","resolution":"C:\\Users\\Kgotso Mmotong\\Downloads\\amazon-app-\\functions\\node_modules\\firebase-functions\\lib\\v1\\index.js"} {"metadata":{"emulator":{"name":"functions"},"function":{"name":"us-central1-api"},"extension":{},"message":"[runtime-status] [10852] Resolved module firebase-functions {\"declared\":true,\"installed\":true,\"version\":\"4.5.0\",\"resolution\":\"C:\\\\Users\\\\Kgotso Mmotong\\\\Downloads\\\\amazon-app-\\\\functions\\\\node_modules\\\\firebase-functions\\\\lib\\\\v1\\\\index.js\"}"}}
[debug] [2023-11-13T16:02:33.309Z] [runtime-status] [10852] firebase-admin has been stubbed. {"adminResolution":{"declared":true,"installed":true,"version":"11.11.0","resolution":"C:\\Users\\Kgotso Mmotong\\Downloads\\amazon-app-\\functions\\node_modules\\firebase-admin\\lib\\index.js"}} {"metadata":{"emulator":{"name":"functions"},"function":{"name":"us-central1-api"},"extension":{},"message":"[runtime-status] [10852] firebase-admin has been stubbed. {\"adminResolution\":{\"declared\":true,\"installed\":true,\"version\":\"11.11.0\",\"resolution\":\"C:\\\\Users\\\\Kgotso Mmotong\\\\Downloads\\\\amazon-app-\\\\functions\\\\node_modules\\\\firebase-admin\\\\lib\\\\index.js\"}}"}}
[debug] [2023-11-13T16:02:40.047Z] [runtime-status] [10852] Functions runtime initialized. {"cwd":"C:\\Users\\Kgotso Mmotong\\Downloads\\amazon-app-\\functions","node_version":"20.9.0"} {"metadata":{"emulator":{"name":"functions"},"function":{"name":"us-central1-api"},"extension":{},"message":"[runtime-status] [10852] Functions runtime initialized. {\"cwd\":\"C:\\\\Users\\\\Kgotso Mmotong\\\\Downloads\\\\amazon-app-\\\\functions\",\"node_version\":\"20.9.0\"}"}}
[debug] [2023-11-13T16:02:40.052Z] [runtime-status] [10852] Listening to port: \\?\pipe\fire_emu_c130d9bc95786549 {"metadata":{"emulator":{"name":"functions"},"function":{"name":"us-central1-api"},"extension":{},"message":"[runtime-status] [10852] Listening to port: \\\\?\\pipe\\fire_emu_c130d9bc95786549"}}
[debug] [2023-11-13T16:02:40.157Z] [worker-us-central1-api-d787d4f7-0722-4bb4-94bf-8f3cda28483c]: IDLE {"metadata":{"emulator":{"name":"functions"},"function":{"name":"us-central1-api"},"extension":{},"message":"[worker-us-central1-api-d787d4f7-0722-4bb4-94bf-8f3cda28483c]: IDLE"}}
[debug] [2023-11-13T16:02:40.164Z] [worker-pool] submitRequest(triggerId=us-central1-api) {"metadata":{"emulator":{"name":"functions"},"message":"[worker-pool] submitRequest(triggerId=us-central1-api)"}}
[info] i  functions: Beginning execution of "us-central1-api" {"metadata":{"emulator":{"name":"functions"},"function":{"name":"us-central1-api"},"extension":{},"message":"Beginning execution of \"us-central1-api\""}}
[debug] [2023-11-13T16:02:40.171Z] [worker-us-central1-api-d787d4f7-0722-4bb4-94bf-8f3cda28483c]: BUSY {"metadata":{"emulator":{"name":"functions"},"function":{"name":"us-central1-api"},"extension":{},"message":"[worker-us-central1-api-d787d4f7-0722-4bb4-94bf-8f3cda28483c]: BUSY"}}
[debug] [2023-11-13T16:02:40.188Z] Finishing up request with event=pause {"metadata":{"emulator":{"name":"functions"},"function":{"name":"us-central1-api"},"extension":{},"message":"Finishing up request with event=pause"}}
[info] i  functions: Finished "us-central1-api" in 21.5408ms {"metadata":{"emulator":{"name":"functions"},"function":{"name":"us-central1-api"},"extension":{},"message":"Finished \"us-central1-api\" in 21.5408ms"}}
[debug] [2023-11-13T16:02:40.196Z] [worker-us-central1-api-d787d4f7-0722-4bb4-94bf-8f3cda28483c]: IDLE {"metadata":{"emulator":{"name":"functions"},"function":{"name":"us-central1-api"},"extension":{},"message":"[worker-us-central1-api-d787d4f7-0722-4bb4-94bf-8f3cda28483c]: IDLE"}}
[debug] [2023-11-13T16:02:40.197Z] Finishing up request with event=finish {"metadata":{"emulator":{"name":"functions"},"function":{"name":"us-central1-api"},"extension":{},"message":"Finishing up request with event=finish"}}
[debug] [2023-11-13T16:02:40.197Z] Finishing up request with event=close {"metadata":{"emulator":{"name":"functions"},"function":{"name":"us-central1-api"},"extension":{},"message":"Finishing up request with event=close"}}
[debug] [2023-11-13T16:02:40.197Z] [work-queue] {"queuedWork":[],"queueLength":0,"runningWork":[],"workRunningCount":0}
[debug] [2023-11-13T16:02:40.199Z] [work-queue] {"queuedWork":["/clone-7416d/us-central1/api-2023-11-13T16:02:40.199Z"],"queueLength":1,"runningWork":[],"workRunningCount":0}
[debug] [2023-11-13T16:02:40.200Z] [work-queue] {"queuedWork":[],"queueLength":0,"runningWork":["/clone-7416d/us-central1/api-2023-11-13T16:02:40.199Z"],"workRunningCount":1}
[debug] [2023-11-13T16:02:40.200Z] Accepted request GET /clone-7416d/us-central1/api --> us-central1-api
[debug] [2023-11-13T16:02:40.204Z] [functions] Runtime ready! Sending request! {"metadata":{"emulator":{"name":"functions"},"message":"[functions] Runtime ready! Sending request!"}}
[debug] [2023-11-13T16:02:40.204Z] [functions] Got req.url=/clone-7416d/us-central1/api, mapping to path=/ {"metadata":{"emulator":{"name":"functions"},"message":"[functions] Got req.url=/clone-7416d/us-central1/api, mapping to path=/"}}
[debug] [2023-11-13T16:02:40.205Z] [worker-pool] submitRequest(triggerId=us-central1-api) {"metadata":{"emulator":{"name":"functions"},"message":"[worker-pool] submitRequest(triggerId=us-central1-api)"}}
[info] i  functions: Beginning execution of "us-central1-api" {"metadata":{"emulator":{"name":"functions"},"function":{"name":"us-central1-api"},"extension":{},"message":"Beginning execution of \"us-central1-api\""}}
[debug] [2023-11-13T16:02:40.205Z] [worker-us-central1-api-d787d4f7-0722-4bb4-94bf-8f3cda28483c]: BUSY {"metadata":{"emulator":{"name":"functions"},"function":{"name":"us-central1-api"},"extension":{},"message":"[worker-us-central1-api-d787d4f7-0722-4bb4-94bf-8f3cda28483c]: BUSY"}}
[debug] [2023-11-13T16:02:40.212Z] Finishing up request with event=pause {"metadata":{"emulator":{"name":"functions"},"function":{"name":"us-central1-api"},"extension":{},"message":"Finishing up request with event=pause"}}
[info] i  functions: Finished "us-central1-api" in 6.5864ms {"metadata":{"emulator":{"name":"functions"},"function":{"name":"us-central1-api"},"extension":{},"message":"Finished \"us-central1-api\" in 6.5864ms"}}
[debug] [2023-11-13T16:02:40.215Z] [worker-us-central1-api-d787d4f7-0722-4bb4-94bf-8f3cda28483c]: IDLE {"metadata":{"emulator":{"name":"functions"},"function":{"name":"us-central1-api"},"extension":{},"message":"[worker-us-central1-api-d787d4f7-0722-4bb4-94bf-8f3cda28483c]: IDLE"}}
[debug] [2023-11-13T16:02:40.216Z] Finishing up request with event=finish {"metadata":{"emulator":{"name":"functions"},"function":{"name":"us-central1-api"},"extension":{},"message":"Finishing up request with event=finish"}}
[debug] [2023-11-13T16:02:40.216Z] Finishing up request with event=close {"metadata":{"emulator":{"name":"functions"},"function":{"name":"us-central1-api"},"extension":{},"message":"Finishing up request with event=close"}}
[debug] [2023-11-13T16:02:40.216Z] [work-queue] {"queuedWork":[],"queueLength":0,"runningWork":[],"workRunningCount":0}
[debug] [2023-11-13T16:02:40.218Z] [work-queue] {"queuedWork":["/clone-7416d/us-central1/api-2023-11-13T16:02:40.218Z"],"queueLength":1,"runningWork":[],"workRunningCount":0}
[debug] [2023-11-13T16:02:40.219Z] [work-queue] {"queuedWork":[],"queueLength":0,"runningWork":["/clone-7416d/us-central1/api-2023-11-13T16:02:40.218Z"],"workRunningCount":1}
[debug] [2023-11-13T16:02:40.219Z] Accepted request GET /clone-7416d/us-central1/api --> us-central1-api
[debug] [2023-11-13T16:02:40.229Z] [functions] Runtime ready! Sending request! {"metadata":{"emulator":{"name":"functions"},"message":"[functions] Runtime ready! Sending request!"}}
[debug] [2023-11-13T16:02:40.230Z] [functions] Got req.url=/clone-7416d/us-central1/api, mapping to path=/ {"metadata":{"emulator":{"name":"functions"},"message":"[functions] Got req.url=/clone-7416d/us-central1/api, mapping to path=/"}}
[debug] [2023-11-13T16:02:40.234Z] [worker-pool] submitRequest(triggerId=us-central1-api) {"metadata":{"emulator":{"name":"functions"},"message":"[worker-pool] submitRequest(triggerId=us-central1-api)"}}
[info] i  functions: Beginning execution of "us-central1-api" {"metadata":{"emulator":{"name":"functions"},"function":{"name":"us-central1-api"},"extension":{},"message":"Beginning execution of \"us-central1-api\""}}
[debug] [2023-11-13T16:02:40.237Z] [worker-us-central1-api-d787d4f7-0722-4bb4-94bf-8f3cda28483c]: BUSY {"metadata":{"emulator":{"name":"functions"},"function":{"name":"us-central1-api"},"extension":{},"message":"[worker-us-central1-api-d787d4f7-0722-4bb4-94bf-8f3cda28483c]: BUSY"}}
[debug] [2023-11-13T16:02:40.245Z] Finishing up request with event=pause {"metadata":{"emulator":{"name":"functions"},"function":{"name":"us-central1-api"},"extension":{},"message":"Finishing up request with event=pause"}}
[info] i  functions: Finished "us-central1-api" in 8.3424ms {"metadata":{"emulator":{"name":"functions"},"function":{"name":"us-central1-api"},"extension":{},"message":"Finished \"us-central1-api\" in 8.3424ms"}}
[debug] [2023-11-13T16:02:40.246Z] [worker-us-central1-api-d787d4f7-0722-4bb4-94bf-8f3cda28483c]: IDLE {"metadata":{"emulator":{"name":"functions"},"function":{"name":"us-central1-api"},"extension":{},"message":"[worker-us-central1-api-d787d4f7-0722-4bb4-94bf-8f3cda28483c]: IDLE"}}
[debug] [2023-11-13T16:02:40.246Z] Finishing up request with event=finish {"metadata":{"emulator":{"name":"functions"},"function":{"name":"us-central1-api"},"extension":{},"message":"Finishing up request with event=finish"}}
[debug] [2023-11-13T16:02:40.247Z] Finishing up request with event=close {"metadata":{"emulator":{"name":"functions"},"function":{"name":"us-central1-api"},"extension":{},"message":"Finishing up request with event=close"}}
[debug] [2023-11-13T16:02:40.247Z] [work-queue] {"queuedWork":[],"queueLength":0,"runningWork":[],"workRunningCount":0}
[debug] [2023-11-13T16:02:40.249Z] [work-queue] {"queuedWork":["/clone-7416d/us-central1/api-2023-11-13T16:02:40.249Z"],"queueLength":1,"runningWork":[],"workRunningCount":0}
[debug] [2023-11-13T16:02:40.249Z] [work-queue] {"queuedWork":[],"queueLength":0,"runningWork":["/clone-7416d/us-central1/api-2023-11-13T16:02:40.249Z"],"workRunningCount":1}
[debug] [2023-11-13T16:02:40.249Z] Accepted request GET /clone-7416d/us-central1/api --> us-central1-api
[debug] [2023-11-13T16:02:40.269Z] [functions] Runtime ready! Sending request! {"metadata":{"emulator":{"name":"functions"},"message":"[functions] Runtime ready! Sending request!"}}
[debug] [2023-11-13T16:02:40.269Z] [functions] Got req.url=/clone-7416d/us-central1/api, mapping to path=/ {"metadata":{"emulator":{"name":"functions"},"message":"[functions] Got req.url=/clone-7416d/us-central1/api, mapping to path=/"}}
[debug] [2023-11-13T16:02:40.270Z] [worker-pool] submitRequest(triggerId=us-central1-api) {"metadata":{"emulator":{"name":"functions"},"message":"[worker-pool] submitRequest(triggerId=us-central1-api)"}}
[info] i  functions: Beginning execution of "us-central1-api" {"metadata":{"emulator":{"name":"functions"},"function":{"name":"us-central1-api"},"extension":{},"message":"Beginning execution of \"us-central1-api\""}}
[debug] [2023-11-13T16:02:40.280Z] [worker-us-central1-api-d787d4f7-0722-4bb4-94bf-8f3cda28483c]: BUSY {"metadata":{"emulator":{"name":"functions"},"function":{"name":"us-central1-api"},"extension":{},"message":"[worker-us-central1-api-d787d4f7-0722-4bb4-94bf-8f3cda28483c]: BUSY"}}
[debug] [2023-11-13T16:02:40.287Z] Finishing up request with event=pause {"metadata":{"emulator":{"name":"functions"},"function":{"name":"us-central1-api"},"extension":{},"message":"Finishing up request with event=pause"}}
[info] i  functions: Finished "us-central1-api" in 8.5054ms {"metadata":{"emulator":{"name":"functions"},"function":{"name":"us-central1-api"},"extension":{},"message":"Finished \"us-central1-api\" in 8.5054ms"}}
[debug] [2023-11-13T16:02:40.299Z] [worker-us-central1-api-d787d4f7-0722-4bb4-94bf-8f3cda28483c]: IDLE {"metadata":{"emulator":{"name":"functions"},"function":{"name":"us-central1-api"},"extension":{},"message":"[worker-us-central1-api-d787d4f7-0722-4bb4-94bf-8f3cda28483c]: IDLE"}}
[debug] [2023-11-13T16:02:40.300Z] Finishing up request with event=finish {"metadata":{"emulator":{"name":"functions"},"function":{"name":"us-central1-api"},"extension":{},"message":"Finishing up request with event=finish"}}
[debug] [2023-11-13T16:02:40.300Z] Finishing up request with event=close {"metadata":{"emulator":{"name":"functions"},"function":{"name":"us-central1-api"},"extension":{},"message":"Finishing up request with event=close"}}
[debug] [2023-11-13T16:02:40.300Z] [work-queue] {"queuedWork":[],"queueLength":0,"runningWork":[],"workRunningCount":0}
[debug] [2023-11-13T16:02:40.501Z] Functions emulator received unknown request at path /favicon.ico
[debug] [2023-11-13T16:02:40.516Z] Functions emulator received unknown request at path /favicon.ico
[debug] [2023-11-13T16:02:40.557Z] Functions emulator received unknown request at path /favicon.ico
[debug] [2023-11-13T16:02:40.585Z] Functions emulator received unknown request at path /favicon.ico
[debug] [2023-11-13T16:19:28.417Z] [work-queue] {"queuedWork":["/clone-7416d/us-central1/api-2023-11-13T16:19:28.415Z"],"queueLength":1,"runningWork":[],"workRunningCount":0}
[debug] [2023-11-13T16:19:28.425Z] [work-queue] {"queuedWork":[],"queueLength":0,"runningWork":["/clone-7416d/us-central1/api-2023-11-13T16:19:28.415Z"],"workRunningCount":1}
[debug] [2023-11-13T16:19:28.425Z] Accepted request GET /clone-7416d/us-central1/api --> us-central1-api
[debug] [2023-11-13T16:19:28.548Z] [functions] Runtime ready! Sending request! {"metadata":{"emulator":{"name":"functions"},"message":"[functions] Runtime ready! Sending request!"}}
[debug] [2023-11-13T16:19:28.550Z] [functions] Got req.url=/clone-7416d/us-central1/api, mapping to path=/ {"metadata":{"emulator":{"name":"functions"},"message":"[functions] Got req.url=/clone-7416d/us-central1/api, mapping to path=/"}}
[debug] [2023-11-13T16:19:28.550Z] [worker-pool] submitRequest(triggerId=us-central1-api) {"metadata":{"emulator":{"name":"functions"},"message":"[worker-pool] submitRequest(triggerId=us-central1-api)"}}
[info] i  functions: Beginning execution of "us-central1-api" {"metadata":{"emulator":{"name":"functions"},"function":{"name":"us-central1-api"},"extension":{},"message":"Beginning execution of \"us-central1-api\""}}
[debug] [2023-11-13T16:19:28.556Z] [worker-us-central1-api-d787d4f7-0722-4bb4-94bf-8f3cda28483c]: BUSY {"metadata":{"emulator":{"name":"functions"},"function":{"name":"us-central1-api"},"extension":{},"message":"[worker-us-central1-api-d787d4f7-0722-4bb4-94bf-8f3cda28483c]: BUSY"}}
[debug] [2023-11-13T16:19:28.631Z] Finishing up request with event=pause {"metadata":{"emulator":{"name":"functions"},"function":{"name":"us-central1-api"},"extension":{},"message":"Finishing up request with event=pause"}}
[info] i  functions: Finished "us-central1-api" in 75.3759ms {"metadata":{"emulator":{"name":"functions"},"function":{"name":"us-central1-api"},"extension":{},"message":"Finished \"us-central1-api\" in 75.3759ms"}}
[debug] [2023-11-13T16:19:28.633Z] [worker-us-central1-api-d787d4f7-0722-4bb4-94bf-8f3cda28483c]: IDLE {"metadata":{"emulator":{"name":"functions"},"function":{"name":"us-central1-api"},"extension":{},"message":"[worker-us-central1-api-d787d4f7-0722-4bb4-94bf-8f3cda28483c]: IDLE"}}
[debug] [2023-11-13T16:19:28.636Z] Finishing up request with event=finish {"metadata":{"emulator":{"name":"functions"},"function":{"name":"us-central1-api"},"extension":{},"message":"Finishing up request with event=finish"}}
[debug] [2023-11-13T16:19:28.638Z] Finishing up request with event=close {"metadata":{"emulator":{"name":"functions"},"function":{"name":"us-central1-api"},"extension":{},"message":"Finishing up request with event=close"}}
[debug] [2023-11-13T16:19:28.638Z] [work-queue] {"queuedWork":[],"queueLength":0,"runningWork":[],"workRunningCount":0}
[debug] [2023-11-13T16:35:03.422Z] [worker-us-central1-api-d787d4f7-0722-4bb4-94bf-8f3cda28483c]: exited {"metadata":{"emulator":{"name":"functions"},"function":{"name":"us-central1-api"},"extension":{},"message":"[worker-us-central1-api-d787d4f7-0722-4bb4-94bf-8f3cda28483c]: exited"}}
[debug] [2023-11-13T16:35:03.479Z] [worker-us-central1-api-d787d4f7-0722-4bb4-94bf-8f3cda28483c]: FINISHED {"metadata":{"emulator":{"name":"functions"},"function":{"name":"us-central1-api"},"extension":{},"message":"[worker-us-central1-api-d787d4f7-0722-4bb4-94bf-8f3cda28483c]: FINISHED"}}
